Using pre-set license
Built from '2022.3/staging' branch; Version is '2022.3.30f1 (70558241b701) revision 7361922'; Using compiler version '192829333'; Build Type 'Release'
OS: 'Windows 10  (10.0.19045) 64bit Core' Language: 'ru' Physical Memory: 16226 MB
BatchMode: 1, IsHumanControllingUs: 0, StartBugReporterOnCrash: 0, Is64bit: 1, IsPro: 1

COMMAND LINE ARGUMENTS:
D:\Unity\2022.3.30f1\Editor\Unity.exe
-adb2
-batchMode
-noUpm
-name
AssetImportWorker5
-projectPath
D:/Unity/UnitPro/hzKakNazvat
-logFile
Logs/AssetImportWorker5.log
-srvPort
53991
Successfully changed project path to: D:/Unity/UnitPro/hzKakNazvat
D:/Unity/UnitPro/hzKakNazvat
[UnityMemory] Configuration Parameters - Can be set up in boot.config
    "memorysetup-bucket-allocator-granularity=16"
    "memorysetup-bucket-allocator-bucket-count=8"
    "memorysetup-bucket-allocator-block-size=33554432"
    "memorysetup-bucket-allocator-block-count=8"
    "memorysetup-main-allocator-block-size=16777216"
    "memorysetup-thread-allocator-block-size=16777216"
    "memorysetup-gfx-main-allocator-block-size=16777216"
    "memorysetup-gfx-thread-allocator-block-size=16777216"
    "memorysetup-cache-allocator-block-size=4194304"
    "memorysetup-typetree-allocator-block-size=2097152"
    "memorysetup-profiler-bucket-allocator-granularity=16"
    "memorysetup-profiler-bucket-allocator-bucket-count=8"
    "memorysetup-profiler-bucket-allocator-block-size=33554432"
    "memorysetup-profiler-bucket-allocator-block-count=8"
    "memorysetup-profiler-allocator-block-size=16777216"
    "memorysetup-profiler-editor-allocator-block-size=1048576"
    "memorysetup-temp-allocator-size-main=16777216"
    "memorysetup-job-temp-allocator-block-size=2097152"
    "memorysetup-job-temp-allocator-block-size-background=1048576"
    "memorysetup-job-temp-allocator-reduction-small-platforms=262144"
    "memorysetup-allocator-temp-initial-block-size-main=262144"
    "memorysetup-allocator-temp-initial-block-size-worker=262144"
    "memorysetup-temp-allocator-size-background-worker=32768"
    "memorysetup-temp-allocator-size-job-worker=262144"
    "memorysetup-temp-allocator-size-preload-manager=33554432"
    "memorysetup-temp-allocator-size-nav-mesh-worker=65536"
    "memorysetup-temp-allocator-size-audio-worker=65536"
    "memorysetup-temp-allocator-size-cloud-worker=32768"
    "memorysetup-temp-allocator-size-gi-baking-worker=262144"
    "memorysetup-temp-allocator-size-gfx=262144"
Player connection [24044] Host "[IP] 192.168.1.6 [Port] 0 [Flags] 2 [Guid] 1164839433 [EditorId] 1164839433 [Version] 1048832 [Id] WindowsEditor(7,DESKTOP-T9K6010) [Debug] 1 [PackageName] WindowsEditor [ProjectName] Editor" joined multi-casting on [225.0.0.222:54997]...

Player connection [24044] Host "[IP] 192.168.1.6 [Port] 0 [Flags] 2 [Guid] 1164839433 [EditorId] 1164839433 [Version] 1048832 [Id] WindowsEditor(7,DESKTOP-T9K6010) [Debug] 1 [PackageName] WindowsEditor [ProjectName] Editor" joined alternative multi-casting on [225.0.0.222:34997]...

[Physics::Module] Initialized MultithreadedJobDispatcher with 11 workers.
Refreshing native plugins compatible for Editor in 10.02 ms, found 4 plugins.
Preloading 0 native plugins for Editor in 0.00 ms.
Initialize engine version: 2022.3.30f1 (70558241b701)
[Subsystems] Discovering subsystems at path D:/Unity/2022.3.30f1/Editor/Data/Resources/UnitySubsystems
[Subsystems] Discovering subsystems at path D:/Unity/UnitPro/hzKakNazvat/Assets
GfxDevice: creating device client; threaded=0; jobified=0
Direct3D:
    Version:  Direct3D 11.0 [level 11.1]
    Renderer: NVIDIA GeForce GTX 1660 Ti (ID=0x2191)
    Vendor:   NVIDIA
    VRAM:     5966 MB
    Driver:   32.0.15.6070
Initialize mono
Mono path[0] = 'D:/Unity/2022.3.30f1/Editor/Data/Managed'
Mono path[1] = 'D:/Unity/2022.3.30f1/Editor/Data/MonoBleedingEdge/lib/mono/unityjit-win32'
Mono config path = 'D:/Unity/2022.3.30f1/Editor/Data/MonoBleedingEdge/etc'
Using monoOptions --debugger-agent=transport=dt_socket,embedding=1,server=y,suspend=n,address=127.0.0.1:56668
Begin MonoManager ReloadAssembly
Registering precompiled unity dll's ...
Register platform support module: D:/Unity/2022.3.30f1/Editor/Data/PlaybackEngines/WebGLSupport/UnityEditor.WebGL.Extensions.dll
Register platform support module: D:/Unity/2022.3.30f1/Editor/Data/PlaybackEngines/AndroidPlayer/UnityEditor.Android.Extensions.dll
Register platform support module: D:/Unity/2022.3.30f1/Editor/Data/PlaybackEngines/WindowsStandaloneSupport/UnityEditor.WindowsStandalone.Extensions.dll
Registered in 0.004418 seconds.
- Loaded All Assemblies, in  0.332 seconds
Native extension for WindowsStandalone target not found
Native extension for Android target not found
Android Extension - Scanning For ADB Devices 214 ms
Native extension for WebGL target not found
Mono: successfully reloaded assembly
- Finished resetting the current domain, in  0.523 seconds
Domain Reload Profiling: 856ms
	BeginReloadAssembly (97ms)
		ExecutionOrderSort (0ms)
		DisableScriptedObjects (0ms)
		BackupInstance (0ms)
		ReleaseScriptingObjects (0ms)
		CreateAndSetChildDomain (1ms)
	RebuildCommonClasses (39ms)
	RebuildNativeTypeToScriptingClass (11ms)
	initialDomainReloadingComplete (46ms)
	LoadAllAssembliesAndSetupDomain (139ms)
		LoadAssemblies (97ms)
		RebuildTransferFunctionScriptingTraits (0ms)
		AnalyzeDomain (137ms)
			TypeCache.Refresh (135ms)
				TypeCache.ScanAssembly (120ms)
			ScanForSourceGeneratedMonoScriptInfo (1ms)
			ResolveRequiredComponents (1ms)
	FinalizeReload (524ms)
		ReleaseScriptCaches (0ms)
		RebuildScriptCaches (0ms)
		SetupLoadedEditorAssemblies (467ms)
			LogAssemblyErrors (0ms)
			InitializePlatformSupportModulesInManaged (312ms)
			SetLoadedEditorAssemblies (4ms)
			RefreshPlugins (0ms)
			BeforeProcessingInitializeOnLoad (2ms)
			ProcessInitializeOnLoadAttributes (109ms)
			ProcessInitializeOnLoadMethodAttributes (40ms)
			AfterProcessingInitializeOnLoad (0ms)
			EditorAssembliesLoaded (0ms)
		ExecutionOrderSort2 (0ms)
		AwakeInstancesAfterBackupRestoration (0ms)
========================================================================
Worker process is ready to serve import requests
Begin MonoManager ReloadAssembly
- Loaded All Assemblies, in  0.686 seconds
Refreshing native plugins compatible for Editor in 4.26 ms, found 4 plugins.
Native extension for WindowsStandalone target not found
Native extension for Android target not found
Native extension for WebGL target not found
Package Manager log level set to [2]
[Package Manager] Server::EnsureServerProcessIsRunning -- launch failed, reason: Unity was launched with the -noUpm command-line argument
[Package Manager] UpmClient::Send -- Unable to send message (not connected to UPM process).
[Package Manager] Cannot connect to Unity Package Manager local server
Mono: successfully reloaded assembly
[Package Manager] Server::EnsureServerProcessIsRunning -- launch failed, reason: Unity was launched with the -noUpm command-line argument
[Package Manager] UpmClient::Send -- Unable to send message (not connected to UPM process).
[Package Manager] Cannot connect to Unity Package Manager local server
[Package Manager] Server::EnsureServerProcessIsRunning -- launch failed, reason: Unity was launched with the -noUpm command-line argument
[Package Manager] UpmClient::Send -- Unable to send message (not connected to UPM process).
[Package Manager] Cannot connect to Unity Package Manager local server
- Finished resetting the current domain, in  0.693 seconds
Domain Reload Profiling: 1378ms
	BeginReloadAssembly (149ms)
		ExecutionOrderSort (0ms)
		DisableScriptedObjects (6ms)
		BackupInstance (0ms)
		ReleaseScriptingObjects (0ms)
		CreateAndSetChildDomain (19ms)
	RebuildCommonClasses (33ms)
	RebuildNativeTypeToScriptingClass (11ms)
	initialDomainReloadingComplete (38ms)
	LoadAllAssembliesAndSetupDomain (454ms)
		LoadAssemblies (307ms)
		RebuildTransferFunctionScriptingTraits (0ms)
		AnalyzeDomain (234ms)
			TypeCache.Refresh (190ms)
				TypeCache.ScanAssembly (172ms)
			ScanForSourceGeneratedMonoScriptInfo (33ms)
			ResolveRequiredComponents (11ms)
	FinalizeReload (693ms)
		ReleaseScriptCaches (0ms)
		RebuildScriptCaches (0ms)
		SetupLoadedEditorAssemblies (529ms)
			LogAssemblyErrors (0ms)
			InitializePlatformSupportModulesInManaged (21ms)
			SetLoadedEditorAssemblies (4ms)
			RefreshPlugins (0ms)
			BeforeProcessingInitializeOnLoad (79ms)
			ProcessInitializeOnLoadAttributes (352ms)
			ProcessInitializeOnLoadMethodAttributes (72ms)
			AfterProcessingInitializeOnLoad (2ms)
			EditorAssembliesLoaded (0ms)
		ExecutionOrderSort2 (0ms)
		AwakeInstancesAfterBackupRestoration (5ms)
Launched and connected shader compiler UnityShaderCompiler.exe after 0.04 seconds
Refreshing native plugins compatible for Editor in 4.22 ms, found 4 plugins.
Preloading 0 native plugins for Editor in 0.00 ms.
Unloading 6428 Unused Serialized files (Serialized files now loaded: 0)
Unloading 105 unused Assets / (395.1 KB). Loaded Objects now: 6880.
Memory consumption went from 243.3 MB to 242.9 MB.
Total: 4.255500 ms (FindLiveObjects: 0.457900 ms CreateObjectMapping: 0.401000 ms MarkObjects: 3.200500 ms  DeleteObjects: 0.195400 ms)

AssetImportParameters requested are different than current active one (requested -> active):
  custom:container-demuxer-ogg: 62fdf1f143b41e24485cea50d1cbac27 -> 
  custom:video-decoder-ogg-theora: a1e56fd34408186e4bbccfd4996cb3dc -> 
  custom:framework-win-MediaFoundation: 216162199b28c13a410421893ffa2e32 -> 
  custom:CustomObjectIndexerAttribute: 72b91833f83ae208fae7752999fa3104 -> 
  custom:container-demuxer-webm: 4f35f7cbe854078d1ac9338744f61a02 -> 
  custom:container-muxer-webm: aa71ff27fc2769a1b78a27578f13a17b -> 
  custom:video-decoder-webm-vp8: 9c59270c3fd7afecdb556c50c9e8de78 -> 
  custom:SearchIndexIgnoredProperties: e643bd26f0fe6173181afceb89e7c659 -> 
  custom:AudioImporter_EditorPlatform: d09bf68614088b80899f8185d706f6e7 -> 
  custom:video-encoder-webm-vp8: eb34c28f22e8b96e1ab97ce403110664 -> 
  custom:audio-decoder-ogg-vorbis: bf7c407c2cedff20999df2af8eb42d56 -> 
  custom:audio-encoder-webm-vorbis: bf7c407c2cedff20999df2af8eb42d56 -> 
========================================================================
Received Import Request.
  Time since last request: 75625.230120 seconds.
  path: Assets/Prefabs/Floar/Floar_17.prefab
  artifactKey: Guid(7eab0ae26f474114c82bd457011f6896) Importer(815301076,1909f56bfc062723c751e8b465ee728b)
Start importing Assets/Prefabs/Floar/Floar_17.prefab using Guid(7eab0ae26f474114c82bd457011f6896) Importer(815301076,1909f56bfc062723c751e8b465ee728b)  -> (artifact id: '1bd900727123ae408c7f367ba1151ea1') in 0.314719 seconds
Number of updated asset objects reloaded before import = 0
Number of asset objects unloaded after import = 8
========================================================================
Received Import Request.
  Time since last request: 0.000023 seconds.
  path: Assets/Prefabs/Floar/Floar_18.prefab
  artifactKey: Guid(8c2bdba32b5786b459eb69aa17302820) Importer(815301076,1909f56bfc062723c751e8b465ee728b)
Start importing Assets/Prefabs/Floar/Floar_18.prefab using Guid(8c2bdba32b5786b459eb69aa17302820) Importer(815301076,1909f56bfc062723c751e8b465ee728b)  -> (artifact id: '087b1156ebf2a564efd98584d0f76a30') in 0.014089 seconds
Number of updated asset objects reloaded before import = 0
Number of asset objects unloaded after import = 8
========================================================================
Received Import Request.
  Time since last request: 0.000032 seconds.
  path: Assets/Prefabs/Floar/Floar_29.prefab
  artifactKey: Guid(fa699843ee4fb054aa5c8cde61ee9acc) Importer(815301076,1909f56bfc062723c751e8b465ee728b)
Start importing Assets/Prefabs/Floar/Floar_29.prefab using Guid(fa699843ee4fb054aa5c8cde61ee9acc) Importer(815301076,1909f56bfc062723c751e8b465ee728b)  -> (artifact id: '14d60043f2a516a899066ec2db79b9bf') in 0.013258 seconds
Number of updated asset objects reloaded before import = 0
Number of asset objects unloaded after import = 8
========================================================================
Received Import Request.
  Time since last request: 0.000021 seconds.
  path: Assets/Prefabs/Floar/Floar_25.prefab
  artifactKey: Guid(d5cef64efdd46ba4e8166ab28d2fd052) Importer(815301076,1909f56bfc062723c751e8b465ee728b)
Start importing Assets/Prefabs/Floar/Floar_25.prefab using Guid(d5cef64efdd46ba4e8166ab28d2fd052) Importer(815301076,1909f56bfc062723c751e8b465ee728b)  -> (artifact id: '0815939d93647e3582b84c5cde8eb9f3') in 0.014668 seconds
Number of updated asset objects reloaded before import = 0
Number of asset objects unloaded after import = 9
========================================================================
Received Import Request.
  Time since last request: 17.913679 seconds.
  path: Assets/Prefabs/Floar/Floar_10.prefab
  artifactKey: Guid(da033f1eccfdebe489a59ab8d926a4b7) Importer(815301076,1909f56bfc062723c751e8b465ee728b)
Start importing Assets/Prefabs/Floar/Floar_10.prefab using Guid(da033f1eccfdebe489a59ab8d926a4b7) Importer(815301076,1909f56bfc062723c751e8b465ee728b)  -> (artifact id: '67d327b574a333f0255e443a151670e7') in 0.012337 seconds
Number of updated asset objects reloaded before import = 0
Number of asset objects unloaded after import = 8
========================================================================
Received Import Request.
  Time since last request: 0.000018 seconds.
  path: Assets/Prefabs/Floar/Floar_1.prefab
  artifactKey: Guid(0e62a77e70cb0f84aa63feff748ee7c1) Importer(815301076,1909f56bfc062723c751e8b465ee728b)
Start importing Assets/Prefabs/Floar/Floar_1.prefab using Guid(0e62a77e70cb0f84aa63feff748ee7c1) Importer(815301076,1909f56bfc062723c751e8b465ee728b)  -> (artifact id: 'c4ded60b2a521a53da888cd4cffeb14d') in 0.049587 seconds
Number of updated asset objects reloaded before import = 0
Number of asset objects unloaded after import = 8
========================================================================
Received Import Request.
  Time since last request: 0.000021 seconds.
  path: Assets/Prefabs/Floar/Floar_2.prefab
  artifactKey: Guid(b82ccd083719e474e9283e6e838f578e) Importer(815301076,1909f56bfc062723c751e8b465ee728b)
Start importing Assets/Prefabs/Floar/Floar_2.prefab using Guid(b82ccd083719e474e9283e6e838f578e) Importer(815301076,1909f56bfc062723c751e8b465ee728b)  -> (artifact id: '4878ec05e5924188ba0b40d0e5ee88db') in 0.012539 seconds
Number of updated asset objects reloaded before import = 0
Number of asset objects unloaded after import = 8
========================================================================
Received Import Request.
  Time since last request: 0.000018 seconds.
  path: Assets/Prefabs/Floar/Floar_11.prefab
  artifactKey: Guid(8e76f184a02e70b42a33c7caf1e19d3f) Importer(815301076,1909f56bfc062723c751e8b465ee728b)
Start importing Assets/Prefabs/Floar/Floar_11.prefab using Guid(8e76f184a02e70b42a33c7caf1e19d3f) Importer(815301076,1909f56bfc062723c751e8b465ee728b)  -> (artifact id: '03132ee578984b9b9711b0c8b80615ba') in 0.015622 seconds
Number of updated asset objects reloaded before import = 0
Number of asset objects unloaded after import = 8
========================================================================
Received Import Request.
  Time since last request: 0.002398 seconds.
  path: Assets/Prefabs/Floar/Floar_3.prefab
  artifactKey: Guid(f8311a0923616804eb35059f5b762fe0) Importer(815301076,1909f56bfc062723c751e8b465ee728b)
Start importing Assets/Prefabs/Floar/Floar_3.prefab using Guid(f8311a0923616804eb35059f5b762fe0) Importer(815301076,1909f56bfc062723c751e8b465ee728b)  -> (artifact id: 'daf4ec3f04a73e4f22187b74694cdc4b') in 0.013565 seconds
Number of updated asset objects reloaded before import = 0
Number of asset objects unloaded after import = 8
========================================================================
Received Import Request.
  Time since last request: 0.000022 seconds.
  path: Assets/Prefabs/Floar/Floar_14.prefab
  artifactKey: Guid(05ef006b462a90a4fae00863839f06f1) Importer(815301076,1909f56bfc062723c751e8b465ee728b)
Start importing Assets/Prefabs/Floar/Floar_14.prefab using Guid(05ef006b462a90a4fae00863839f06f1) Importer(815301076,1909f56bfc062723c751e8b465ee728b)  -> (artifact id: '5ddea676e8565025350d0b3bb7dc172b') in 0.013341 seconds
Number of updated asset objects reloaded before import = 0
Number of asset objects unloaded after import = 8
========================================================================
Received Import Request.
  Time since last request: 0.000112 seconds.
  path: Assets/Prefabs/Floar/Floar_6.prefab
  artifactKey: Guid(df31c89df757a8445a1e3779146990c7) Importer(815301076,1909f56bfc062723c751e8b465ee728b)
Start importing Assets/Prefabs/Floar/Floar_6.prefab using Guid(df31c89df757a8445a1e3779146990c7) Importer(815301076,1909f56bfc062723c751e8b465ee728b)  -> (artifact id: '4075e11d8a3eb24cd397b3e6dc8ebd2f') in 0.016198 seconds
Number of updated asset objects reloaded before import = 0
Number of asset objects unloaded after import = 8
========================================================================
Received Import Request.
  Time since last request: 0.000018 seconds.
  path: Assets/Prefabs/Floar/Floar_0.prefab
  artifactKey: Guid(6adc223b6de958843b325b46e8250639) Importer(815301076,1909f56bfc062723c751e8b465ee728b)
Start importing Assets/Prefabs/Floar/Floar_0.prefab using Guid(6adc223b6de958843b325b46e8250639) Importer(815301076,1909f56bfc062723c751e8b465ee728b)  -> (artifact id: '3ccec0266fdef19b798ef5a8c68a87ed') in 0.013446 seconds
Number of updated asset objects reloaded before import = 0
Number of asset objects unloaded after import = 8
========================================================================
Received Prepare
Begin MonoManager ReloadAssembly
- Loaded All Assemblies, in  2.705 seconds
Refreshing native plugins compatible for Editor in 5.97 ms, found 4 plugins.
Native extension for WindowsStandalone target not found
Native extension for Android target not found
Native extension for WebGL target not found
[Package Manager] Server::EnsureServerProcessIsRunning -- launch failed, reason: Unity was launched with the -noUpm command-line argument
[Package Manager] UpmClient::Send -- Unable to send message (not connected to UPM process).
[Package Manager] Cannot connect to Unity Package Manager local server
Mono: successfully reloaded assembly
[Package Manager] Server::EnsureServerProcessIsRunning -- launch failed, reason: Unity was launched with the -noUpm command-line argument
[Package Manager] UpmClient::Send -- Unable to send message (not connected to UPM process).
[Package Manager] Cannot connect to Unity Package Manager local server
- Finished resetting the current domain, in 19.744 seconds
Domain Reload Profiling: 22447ms
	BeginReloadAssembly (226ms)
		ExecutionOrderSort (0ms)
		DisableScriptedObjects (27ms)
		BackupInstance (0ms)
		ReleaseScriptingObjects (0ms)
		CreateAndSetChildDomain (59ms)
	RebuildCommonClasses (138ms)
	RebuildNativeTypeToScriptingClass (14ms)
	initialDomainReloadingComplete (35ms)
	LoadAllAssembliesAndSetupDomain (2290ms)
		LoadAssemblies (2373ms)
		RebuildTransferFunctionScriptingTraits (0ms)
		AnalyzeDomain (22ms)
			TypeCache.Refresh (8ms)
				TypeCache.ScanAssembly (0ms)
			ScanForSourceGeneratedMonoScriptInfo (0ms)
			ResolveRequiredComponents (13ms)
	FinalizeReload (19745ms)
		ReleaseScriptCaches (0ms)
		RebuildScriptCaches (0ms)
		SetupLoadedEditorAssemblies (755ms)
			LogAssemblyErrors (0ms)
			InitializePlatformSupportModulesInManaged (32ms)
			SetLoadedEditorAssemblies (8ms)
			RefreshPlugins (0ms)
			BeforeProcessingInitializeOnLoad (125ms)
			ProcessInitializeOnLoadAttributes (485ms)
			ProcessInitializeOnLoadMethodAttributes (101ms)
			AfterProcessingInitializeOnLoad (3ms)
			EditorAssembliesLoaded (0ms)
		ExecutionOrderSort2 (0ms)
		AwakeInstancesAfterBackupRestoration (25ms)
Refreshing native plugins compatible for Editor in 5.70 ms, found 4 plugins.
Preloading 0 native plugins for Editor in 0.00 ms.
Unloading 6261 Unused Serialized files (Serialized files now loaded: 0)
Unloading 62 unused Assets / (366.2 KB). Loaded Objects now: 6932.
Memory consumption went from 212.9 MB to 212.5 MB.
Total: 5.541000 ms (FindLiveObjects: 0.671200 ms CreateObjectMapping: 0.666700 ms MarkObjects: 4.051900 ms  DeleteObjects: 0.149500 ms)

Prepare: number of updated asset objects reloaded= 0
AssetImportParameters requested are different than current active one (requested -> active):
  custom:container-demuxer-ogg: 62fdf1f143b41e24485cea50d1cbac27 -> 
  custom:video-decoder-ogg-theora: a1e56fd34408186e4bbccfd4996cb3dc -> 
  custom:framework-win-MediaFoundation: 216162199b28c13a410421893ffa2e32 -> 
  custom:CustomObjectIndexerAttribute: 72b91833f83ae208fae7752999fa3104 -> 
  custom:container-demuxer-webm: 4f35f7cbe854078d1ac9338744f61a02 -> 
  custom:container-muxer-webm: aa71ff27fc2769a1b78a27578f13a17b -> 
  custom:video-decoder-webm-vp8: 9c59270c3fd7afecdb556c50c9e8de78 -> 
  custom:SearchIndexIgnoredProperties: e643bd26f0fe6173181afceb89e7c659 -> 
  custom:AudioImporter_EditorPlatform: d09bf68614088b80899f8185d706f6e7 -> 
  custom:video-encoder-webm-vp8: eb34c28f22e8b96e1ab97ce403110664 -> 
  custom:audio-decoder-ogg-vorbis: bf7c407c2cedff20999df2af8eb42d56 -> 
  custom:audio-encoder-webm-vorbis: bf7c407c2cedff20999df2af8eb42d56 -> 
========================================================================
Received Import Request.
  Time since last request: 2826.922344 seconds.
  path: Assets/Palette/Floar_16.asset
  artifactKey: Guid(15e71923febd1e848bb019a60f77a9d6) Importer(815301076,1909f56bfc062723c751e8b465ee728b)
Start importing Assets/Palette/Floar_16.asset using Guid(15e71923febd1e848bb019a60f77a9d6) Importer(815301076,1909f56bfc062723c751e8b465ee728b)  -> (artifact id: '927cd254892848645a98004535ca4f93') in 0.064668 seconds
Number of updated asset objects reloaded before import = 0
Number of asset objects unloaded after import = 3
========================================================================
Received Import Request.
  Time since last request: 0.407056 seconds.
  path: Assets/Palette/Floar_19.asset
  artifactKey: Guid(b257e1a1d1af8fe42ba8961d3b25780d) Importer(815301076,1909f56bfc062723c751e8b465ee728b)
Start importing Assets/Palette/Floar_19.asset using Guid(b257e1a1d1af8fe42ba8961d3b25780d) Importer(815301076,1909f56bfc062723c751e8b465ee728b)  -> (artifact id: '3ac3c0dd50ea7de244ffc7765aa4e478') in 0.014399 seconds
Number of updated asset objects reloaded before import = 0
Number of asset objects unloaded after import = 3
========================================================================
Received Import Request.
  Time since last request: 0.000014 seconds.
  path: Assets/Palette/Floar_29.asset
  artifactKey: Guid(99f9e59f2e0f6344ba67f97c751751f8) Importer(815301076,1909f56bfc062723c751e8b465ee728b)
Start importing Assets/Palette/Floar_29.asset using Guid(99f9e59f2e0f6344ba67f97c751751f8) Importer(815301076,1909f56bfc062723c751e8b465ee728b)  -> (artifact id: '3fb2846e82ebab87e8b74381e67a6870') in 0.012897 seconds
Number of updated asset objects reloaded before import = 0
Number of asset objects unloaded after import = 3
========================================================================
Received Import Request.
  Time since last request: 0.000020 seconds.
  path: Assets/Palette/Floar_26.asset
  artifactKey: Guid(56e432f362900ee4fb96a5984f3fadc3) Importer(815301076,1909f56bfc062723c751e8b465ee728b)
Start importing Assets/Palette/Floar_26.asset using Guid(56e432f362900ee4fb96a5984f3fadc3) Importer(815301076,1909f56bfc062723c751e8b465ee728b)  -> (artifact id: '0e63730ca42805253d16b684358cd1a8') in 0.010842 seconds
Number of updated asset objects reloaded before import = 0
Number of asset objects unloaded after import = 3
========================================================================
Received Import Request.
  Time since last request: 0.000013 seconds.
  path: Assets/Palette/Floar_32.asset
  artifactKey: Guid(2786d6f0c853cde4b99b8656b812a7c6) Importer(815301076,1909f56bfc062723c751e8b465ee728b)
Start importing Assets/Palette/Floar_32.asset using Guid(2786d6f0c853cde4b99b8656b812a7c6) Importer(815301076,1909f56bfc062723c751e8b465ee728b)  -> (artifact id: '7fc0488b9c05c0e1a95121c240e01c73') in 0.012961 seconds
Number of updated asset objects reloaded before import = 0
Number of asset objects unloaded after import = 3
========================================================================
Received Import Request.
  Time since last request: 0.000018 seconds.
  path: Assets/Palette/Floar_27.asset
  artifactKey: Guid(75cf9bc1b5d77bc47a60ee53817dfde4) Importer(815301076,1909f56bfc062723c751e8b465ee728b)
Start importing Assets/Palette/Floar_27.asset using Guid(75cf9bc1b5d77bc47a60ee53817dfde4) Importer(815301076,1909f56bfc062723c751e8b465ee728b)  -> (artifact id: 'f2d8ec84d00a03018a30663b8e82edaa') in 0.023503 seconds
Number of updated asset objects reloaded before import = 0
Number of asset objects unloaded after import = 3
========================================================================
Received Import Request.
  Time since last request: 0.000022 seconds.
  path: Assets/Palette/Floar_34.asset
  artifactKey: Guid(072454fe979688945a7818d5c55d23d5) Importer(815301076,1909f56bfc062723c751e8b465ee728b)
Start importing Assets/Palette/Floar_34.asset using Guid(072454fe979688945a7818d5c55d23d5) Importer(815301076,1909f56bfc062723c751e8b465ee728b)  -> (artifact id: '945a8f101130d98ae96fb60d047e24f1') in 0.009143 seconds
Number of updated asset objects reloaded before import = 0
Number of asset objects unloaded after import = 3
========================================================================
Received Import Request.
  Time since last request: 0.000021 seconds.
  path: Assets/Palette/Floar_24.asset
  artifactKey: Guid(05c20e4592027b3408c1bb96273d61a4) Importer(815301076,1909f56bfc062723c751e8b465ee728b)
Start importing Assets/Palette/Floar_24.asset using Guid(05c20e4592027b3408c1bb96273d61a4) Importer(815301076,1909f56bfc062723c751e8b465ee728b)  -> (artifact id: 'e4fbf4e85c05045167bc8266b99e6024') in 0.009448 seconds
Number of updated asset objects reloaded before import = 0
Number of asset objects unloaded after import = 3
========================================================================
Received Import Request.
  Time since last request: 0.000017 seconds.
  path: Assets/Palette/Floar_31.asset
  artifactKey: Guid(596f658fb8df3dc409198ddbb8b6046a) Importer(815301076,1909f56bfc062723c751e8b465ee728b)
Start importing Assets/Palette/Floar_31.asset using Guid(596f658fb8df3dc409198ddbb8b6046a) Importer(815301076,1909f56bfc062723c751e8b465ee728b)  -> (artifact id: '107c0d280c48fb50a4e097a9a2c8c854') in 0.011835 seconds
Number of updated asset objects reloaded before import = 0
Number of asset objects unloaded after import = 3
========================================================================
Received Import Request.
  Time since last request: 0.000021 seconds.
  path: Assets/Palette/Floar_17.asset
  artifactKey: Guid(b8f7526b51d089e458175f0830ddd420) Importer(815301076,1909f56bfc062723c751e8b465ee728b)
Start importing Assets/Palette/Floar_17.asset using Guid(b8f7526b51d089e458175f0830ddd420) Importer(815301076,1909f56bfc062723c751e8b465ee728b)  -> (artifact id: '7b28b8b7fbafdbcb3052842fccb3db5e') in 0.011758 seconds
Number of updated asset objects reloaded before import = 0
Number of asset objects unloaded after import = 3
========================================================================
Received Import Request.
  Time since last request: 0.000016 seconds.
  path: Assets/Palette/Floar_28.asset
  artifactKey: Guid(d804a469576ab6a44a15b6ed743cd2af) Importer(815301076,1909f56bfc062723c751e8b465ee728b)
Start importing Assets/Palette/Floar_28.asset using Guid(d804a469576ab6a44a15b6ed743cd2af) Importer(815301076,1909f56bfc062723c751e8b465ee728b)  -> (artifact id: '88a132dadc24e54a098d20b6397492bf') in 0.011971 seconds
Number of updated asset objects reloaded before import = 0
Number of asset objects unloaded after import = 3
========================================================================
Received Import Request.
  Time since last request: 3.903372 seconds.
  path: Assets/Palette/Floar_9.asset
  artifactKey: Guid(a1d75e7054e1b87469aa76c0eb9537ab) Importer(815301076,1909f56bfc062723c751e8b465ee728b)
Start importing Assets/Palette/Floar_9.asset using Guid(a1d75e7054e1b87469aa76c0eb9537ab) Importer(815301076,1909f56bfc062723c751e8b465ee728b)  -> (artifact id: '9141ec89d4dd8fdf1de0c83da7db5fff') in 0.010627 seconds
Number of updated asset objects reloaded before import = 0
Number of asset objects unloaded after import = 3
========================================================================
Received Import Request.
  Time since last request: 0.000015 seconds.
  path: Assets/Palette/Floar_7.asset
  artifactKey: Guid(499989297c23eef499bfc0551a37829a) Importer(815301076,1909f56bfc062723c751e8b465ee728b)
Start importing Assets/Palette/Floar_7.asset using Guid(499989297c23eef499bfc0551a37829a) Importer(815301076,1909f56bfc062723c751e8b465ee728b)  -> (artifact id: '49a01f828ae5d1aad8102364062733a2') in 0.009290 seconds
Number of updated asset objects reloaded before import = 0
Number of asset objects unloaded after import = 3
========================================================================
Received Import Request.
  Time since last request: 0.000020 seconds.
  path: Assets/Palette/Floar_1.asset
  artifactKey: Guid(4b5487573c75a2445b13e8137d864ae9) Importer(815301076,1909f56bfc062723c751e8b465ee728b)
Start importing Assets/Palette/Floar_1.asset using Guid(4b5487573c75a2445b13e8137d864ae9) Importer(815301076,1909f56bfc062723c751e8b465ee728b)  -> (artifact id: '3dce54cb7d398bf14165a7fe960e91bc') in 0.009080 seconds
Number of updated asset objects reloaded before import = 0
Number of asset objects unloaded after import = 3
========================================================================
Received Import Request.
  Time since last request: 0.000013 seconds.
  path: Assets/Palette/Floar_13.asset
  artifactKey: Guid(ccdf93c072f32e94ba987cff94dcafc7) Importer(815301076,1909f56bfc062723c751e8b465ee728b)
Start importing Assets/Palette/Floar_13.asset using Guid(ccdf93c072f32e94ba987cff94dcafc7) Importer(815301076,1909f56bfc062723c751e8b465ee728b)  -> (artifact id: '09c1482a47b2d2c31eb3a1a6d509a1c6') in 0.016044 seconds
Number of updated asset objects reloaded before import = 0
Number of asset objects unloaded after import = 3
========================================================================
Received Import Request.
  Time since last request: 0.000021 seconds.
  path: Assets/Palette/Floar_3.asset
  artifactKey: Guid(579d1d84c7747e845b6cfe90942bf633) Importer(815301076,1909f56bfc062723c751e8b465ee728b)
Start importing Assets/Palette/Floar_3.asset using Guid(579d1d84c7747e845b6cfe90942bf633) Importer(815301076,1909f56bfc062723c751e8b465ee728b)  -> (artifact id: '7f26549f09599a4a148065e230336b5b') in 0.010986 seconds
Number of updated asset objects reloaded before import = 0
Number of asset objects unloaded after import = 3
========================================================================
Received Import Request.
  Time since last request: 0.000021 seconds.
  path: Assets/Palette/Floar_0.asset
  artifactKey: Guid(49206a84a09f330479cfab69fb196466) Importer(815301076,1909f56bfc062723c751e8b465ee728b)
Start importing Assets/Palette/Floar_0.asset using Guid(49206a84a09f330479cfab69fb196466) Importer(815301076,1909f56bfc062723c751e8b465ee728b)  -> (artifact id: '62d345dab1b0c0a353e0bc517215084d') in 0.009877 seconds
Number of updated asset objects reloaded before import = 0
Number of asset objects unloaded after import = 3
========================================================================
Received Import Request.
  Time since last request: 0.000015 seconds.
  path: Assets/Palette/Floar_15.asset
  artifactKey: Guid(dbb780c14e1b56d47bea6c5f350b59f9) Importer(815301076,1909f56bfc062723c751e8b465ee728b)
Start importing Assets/Palette/Floar_15.asset using Guid(dbb780c14e1b56d47bea6c5f350b59f9) Importer(815301076,1909f56bfc062723c751e8b465ee728b)  -> (artifact id: 'fb684dfe4f2859d849bda879aa86ddb5') in 0.010352 seconds
Number of updated asset objects reloaded before import = 0
Number of asset objects unloaded after import = 3
========================================================================
Received Import Request.
  Time since last request: 0.000015 seconds.
  path: Assets/Palette/Floar_5.asset
  artifactKey: Guid(977164c63221bc7458fe2a48010ba0c5) Importer(815301076,1909f56bfc062723c751e8b465ee728b)
Start importing Assets/Palette/Floar_5.asset using Guid(977164c63221bc7458fe2a48010ba0c5) Importer(815301076,1909f56bfc062723c751e8b465ee728b)  -> (artifact id: '2ab0f9620a38f0550455b5061aaba292') in 0.008702 seconds
Number of updated asset objects reloaded before import = 0
Number of asset objects unloaded after import = 3
Editor requested this worker to shutdown with reason: Scaling down because of idle timeout
TcpMessagingSession - receive error: operation aborted. errorcode: 995, details: ќпераци€ ввода/вывода была прервана из-за завершени€ потока команд или по запросу приложени€.
AssetImportWorker is now disconnected from the server
Process exiting
Exiting without the bug reporter. Application will terminate with return code 0