Using pre-set license
Built from '2022.3/staging' branch; Version is '2022.3.30f1 (70558241b701) revision 7361922'; Using compiler version '192829333'; Build Type 'Release'
OS: 'Windows 10  (10.0.19045) 64bit Core' Language: 'ru' Physical Memory: 16226 MB
BatchMode: 1, IsHumanControllingUs: 0, StartBugReporterOnCrash: 0, Is64bit: 1, IsPro: 1

COMMAND LINE ARGUMENTS:
D:\Unity\2022.3.30f1\Editor\Unity.exe
-adb2
-batchMode
-noUpm
-name
AssetImportWorker4
-projectPath
D:/Unity/UnitPro/hzKakNazvat
-logFile
Logs/AssetImportWorker4.log
-srvPort
53991
Successfully changed project path to: D:/Unity/UnitPro/hzKakNazvat
D:/Unity/UnitPro/hzKakNazvat
[UnityMemory] Configuration Parameters - Can be set up in boot.config
    "memorysetup-bucket-allocator-granularity=16"
    "memorysetup-bucket-allocator-bucket-count=8"
    "memorysetup-bucket-allocator-block-size=33554432"
    "memorysetup-bucket-allocator-block-count=8"
    "memorysetup-main-allocator-block-size=16777216"
    "memorysetup-thread-allocator-block-size=16777216"
    "memorysetup-gfx-main-allocator-block-size=16777216"
    "memorysetup-gfx-thread-allocator-block-size=16777216"
    "memorysetup-cache-allocator-block-size=4194304"
    "memorysetup-typetree-allocator-block-size=2097152"
    "memorysetup-profiler-bucket-allocator-granularity=16"
    "memorysetup-profiler-bucket-allocator-bucket-count=8"
    "memorysetup-profiler-bucket-allocator-block-size=33554432"
    "memorysetup-profiler-bucket-allocator-block-count=8"
    "memorysetup-profiler-allocator-block-size=16777216"
    "memorysetup-profiler-editor-allocator-block-size=1048576"
    "memorysetup-temp-allocator-size-main=16777216"
    "memorysetup-job-temp-allocator-block-size=2097152"
    "memorysetup-job-temp-allocator-block-size-background=1048576"
    "memorysetup-job-temp-allocator-reduction-small-platforms=262144"
    "memorysetup-allocator-temp-initial-block-size-main=262144"
    "memorysetup-allocator-temp-initial-block-size-worker=262144"
    "memorysetup-temp-allocator-size-background-worker=32768"
    "memorysetup-temp-allocator-size-job-worker=262144"
    "memorysetup-temp-allocator-size-preload-manager=33554432"
    "memorysetup-temp-allocator-size-nav-mesh-worker=65536"
    "memorysetup-temp-allocator-size-audio-worker=65536"
    "memorysetup-temp-allocator-size-cloud-worker=32768"
    "memorysetup-temp-allocator-size-gi-baking-worker=262144"
    "memorysetup-temp-allocator-size-gfx=262144"
Player connection [21568] Host "[IP] 192.168.1.6 [Port] 0 [Flags] 2 [Guid] 559657255 [EditorId] 559657255 [Version] 1048832 [Id] WindowsEditor(7,DESKTOP-T9K6010) [Debug] 1 [PackageName] WindowsEditor [ProjectName] Editor" joined multi-casting on [225.0.0.222:54997]...

Player connection [21568] Host "[IP] 192.168.1.6 [Port] 0 [Flags] 2 [Guid] 559657255 [EditorId] 559657255 [Version] 1048832 [Id] WindowsEditor(7,DESKTOP-T9K6010) [Debug] 1 [PackageName] WindowsEditor [ProjectName] Editor" joined alternative multi-casting on [225.0.0.222:34997]...

[Physics::Module] Initialized MultithreadedJobDispatcher with 11 workers.
Refreshing native plugins compatible for Editor in 332.79 ms, found 4 plugins.
Preloading 0 native plugins for Editor in 0.00 ms.
Initialize engine version: 2022.3.30f1 (70558241b701)
[Subsystems] Discovering subsystems at path D:/Unity/2022.3.30f1/Editor/Data/Resources/UnitySubsystems
[Subsystems] Discovering subsystems at path D:/Unity/UnitPro/hzKakNazvat/Assets
GfxDevice: creating device client; threaded=0; jobified=0
Direct3D:
    Version:  Direct3D 11.0 [level 11.1]
    Renderer: NVIDIA GeForce GTX 1660 Ti (ID=0x2191)
    Vendor:   NVIDIA
    VRAM:     5966 MB
    Driver:   32.0.15.6070
Initialize mono
Mono path[0] = 'D:/Unity/2022.3.30f1/Editor/Data/Managed'
Mono path[1] = 'D:/Unity/2022.3.30f1/Editor/Data/MonoBleedingEdge/lib/mono/unityjit-win32'
Mono config path = 'D:/Unity/2022.3.30f1/Editor/Data/MonoBleedingEdge/etc'
Using monoOptions --debugger-agent=transport=dt_socket,embedding=1,server=y,suspend=n,address=127.0.0.1:56224
Begin MonoManager ReloadAssembly
Registering precompiled unity dll's ...
Register platform support module: D:/Unity/2022.3.30f1/Editor/Data/PlaybackEngines/WebGLSupport/UnityEditor.WebGL.Extensions.dll
Register platform support module: D:/Unity/2022.3.30f1/Editor/Data/PlaybackEngines/AndroidPlayer/UnityEditor.Android.Extensions.dll
Register platform support module: D:/Unity/2022.3.30f1/Editor/Data/PlaybackEngines/WindowsStandaloneSupport/UnityEditor.WindowsStandalone.Extensions.dll
Registered in 0.005052 seconds.
- Loaded All Assemblies, in  0.973 seconds
Native extension for WindowsStandalone target not found
Native extension for Android target not found
Android Extension - Scanning For ADB Devices 234 ms
Native extension for WebGL target not found
Mono: successfully reloaded assembly
- Finished resetting the current domain, in  0.582 seconds
Domain Reload Profiling: 1555ms
	BeginReloadAssembly (113ms)
		ExecutionOrderSort (0ms)
		DisableScriptedObjects (0ms)
		BackupInstance (0ms)
		ReleaseScriptingObjects (0ms)
		CreateAndSetChildDomain (1ms)
	RebuildCommonClasses (193ms)
	RebuildNativeTypeToScriptingClass (12ms)
	initialDomainReloadingComplete (52ms)
	LoadAllAssembliesAndSetupDomain (603ms)
		LoadAssemblies (113ms)
		RebuildTransferFunctionScriptingTraits (0ms)
		AnalyzeDomain (600ms)
			TypeCache.Refresh (599ms)
				TypeCache.ScanAssembly (582ms)
			ScanForSourceGeneratedMonoScriptInfo (0ms)
			ResolveRequiredComponents (0ms)
	FinalizeReload (583ms)
		ReleaseScriptCaches (0ms)
		RebuildScriptCaches (0ms)
		SetupLoadedEditorAssemblies (523ms)
			LogAssemblyErrors (0ms)
			InitializePlatformSupportModulesInManaged (341ms)
			SetLoadedEditorAssemblies (4ms)
			RefreshPlugins (0ms)
			BeforeProcessingInitializeOnLoad (2ms)
			ProcessInitializeOnLoadAttributes (124ms)
			ProcessInitializeOnLoadMethodAttributes (53ms)
			AfterProcessingInitializeOnLoad (0ms)
			EditorAssembliesLoaded (0ms)
		ExecutionOrderSort2 (0ms)
		AwakeInstancesAfterBackupRestoration (0ms)
========================================================================
Worker process is ready to serve import requests
Begin MonoManager ReloadAssembly
- Loaded All Assemblies, in  0.739 seconds
Refreshing native plugins compatible for Editor in 4.37 ms, found 4 plugins.
Native extension for WindowsStandalone target not found
Native extension for Android target not found
Native extension for WebGL target not found
Package Manager log level set to [2]
[Package Manager] Server::EnsureServerProcessIsRunning -- launch failed, reason: Unity was launched with the -noUpm command-line argument
[Package Manager] UpmClient::Send -- Unable to send message (not connected to UPM process).
[Package Manager] Cannot connect to Unity Package Manager local server
Mono: successfully reloaded assembly
[Package Manager] Server::EnsureServerProcessIsRunning -- launch failed, reason: Unity was launched with the -noUpm command-line argument
[Package Manager] UpmClient::Send -- Unable to send message (not connected to UPM process).
[Package Manager] Cannot connect to Unity Package Manager local server
[Package Manager] Server::EnsureServerProcessIsRunning -- launch failed, reason: Unity was launched with the -noUpm command-line argument
[Package Manager] UpmClient::Send -- Unable to send message (not connected to UPM process).
[Package Manager] Cannot connect to Unity Package Manager local server
- Finished resetting the current domain, in  0.806 seconds
Domain Reload Profiling: 1544ms
	BeginReloadAssembly (141ms)
		ExecutionOrderSort (0ms)
		DisableScriptedObjects (6ms)
		BackupInstance (0ms)
		ReleaseScriptingObjects (0ms)
		CreateAndSetChildDomain (23ms)
	RebuildCommonClasses (39ms)
	RebuildNativeTypeToScriptingClass (18ms)
	initialDomainReloadingComplete (38ms)
	LoadAllAssembliesAndSetupDomain (502ms)
		LoadAssemblies (317ms)
		RebuildTransferFunctionScriptingTraits (0ms)
		AnalyzeDomain (263ms)
			TypeCache.Refresh (212ms)
				TypeCache.ScanAssembly (190ms)
			ScanForSourceGeneratedMonoScriptInfo (39ms)
			ResolveRequiredComponents (12ms)
	FinalizeReload (806ms)
		ReleaseScriptCaches (0ms)
		RebuildScriptCaches (0ms)
		SetupLoadedEditorAssemblies (608ms)
			LogAssemblyErrors (0ms)
			InitializePlatformSupportModulesInManaged (24ms)
			SetLoadedEditorAssemblies (5ms)
			RefreshPlugins (0ms)
			BeforeProcessingInitializeOnLoad (93ms)
			ProcessInitializeOnLoadAttributes (401ms)
			ProcessInitializeOnLoadMethodAttributes (82ms)
			AfterProcessingInitializeOnLoad (2ms)
			EditorAssembliesLoaded (0ms)
		ExecutionOrderSort2 (0ms)
		AwakeInstancesAfterBackupRestoration (6ms)
Launched and connected shader compiler UnityShaderCompiler.exe after 0.14 seconds
Refreshing native plugins compatible for Editor in 4.62 ms, found 4 plugins.
Preloading 0 native plugins for Editor in 0.00 ms.
Unloading 6428 Unused Serialized files (Serialized files now loaded: 0)
Unloading 105 unused Assets / (396.0 KB). Loaded Objects now: 6880.
Memory consumption went from 243.1 MB to 242.7 MB.
Total: 6.413200 ms (FindLiveObjects: 0.500000 ms CreateObjectMapping: 0.612600 ms MarkObjects: 5.037800 ms  DeleteObjects: 0.262000 ms)

AssetImportParameters requested are different than current active one (requested -> active):
  custom:container-demuxer-ogg: 62fdf1f143b41e24485cea50d1cbac27 -> 
  custom:video-decoder-ogg-theora: a1e56fd34408186e4bbccfd4996cb3dc -> 
  custom:framework-win-MediaFoundation: 216162199b28c13a410421893ffa2e32 -> 
  custom:CustomObjectIndexerAttribute: 72b91833f83ae208fae7752999fa3104 -> 
  custom:container-demuxer-webm: 4f35f7cbe854078d1ac9338744f61a02 -> 
  custom:container-muxer-webm: aa71ff27fc2769a1b78a27578f13a17b -> 
  custom:video-decoder-webm-vp8: 9c59270c3fd7afecdb556c50c9e8de78 -> 
  custom:SearchIndexIgnoredProperties: e643bd26f0fe6173181afceb89e7c659 -> 
  custom:AudioImporter_EditorPlatform: d09bf68614088b80899f8185d706f6e7 -> 
  custom:video-encoder-webm-vp8: eb34c28f22e8b96e1ab97ce403110664 -> 
  custom:audio-decoder-ogg-vorbis: bf7c407c2cedff20999df2af8eb42d56 -> 
  custom:audio-encoder-webm-vorbis: bf7c407c2cedff20999df2af8eb42d56 -> 
========================================================================
Received Import Request.
  Time since last request: 74766.932580 seconds.
  path: Assets/Sprites/Decorate/Decorate.png
  artifactKey: Guid(1f9c9caa2700b764bb2b5360e3df8b52) Importer(815301076,1909f56bfc062723c751e8b465ee728b)
Start importing Assets/Sprites/Decorate/Decorate.png using Guid(1f9c9caa2700b764bb2b5360e3df8b52) Importer(815301076,1909f56bfc062723c751e8b465ee728b)  -> (artifact id: 'a0a17435954fc2fe674b3e0f0ddb2536') in 0.210383 seconds
Number of updated asset objects reloaded before import = 0
Number of asset objects unloaded after import = 30
========================================================================
Received Import Request.
  Time since last request: 46.038021 seconds.
  path: Assets/Sprites/Decorate/Floar.png
  artifactKey: Guid(8ec741c6aebbd364f8475c27be97b35d) Importer(815301076,1909f56bfc062723c751e8b465ee728b)
Start importing Assets/Sprites/Decorate/Floar.png using Guid(8ec741c6aebbd364f8475c27be97b35d) Importer(815301076,1909f56bfc062723c751e8b465ee728b)  -> (artifact id: '861d2683f6e22e78b32df6057babd6c6') in 0.040874 seconds
Number of updated asset objects reloaded before import = 0
Number of asset objects unloaded after import = 8
========================================================================
Received Import Request.
  Time since last request: 30.138234 seconds.
  path: Assets/Sprites/Decorate/Floar.png
  artifactKey: Guid(8ec741c6aebbd364f8475c27be97b35d) Importer(815301076,1909f56bfc062723c751e8b465ee728b)
Start importing Assets/Sprites/Decorate/Floar.png using Guid(8ec741c6aebbd364f8475c27be97b35d) Importer(815301076,1909f56bfc062723c751e8b465ee728b)  -> (artifact id: 'b85ba387fdf9bdc655669f2bd73be160') in 0.142363 seconds
Number of updated asset objects reloaded before import = 0
Number of asset objects unloaded after import = 38
========================================================================
Received Import Request.
  Time since last request: 321.860338 seconds.
  path: Assets/Prefabs/Decorate/Chest.prefab
  artifactKey: Guid(cf0e20903dd5155478de40122c6c1063) Importer(815301076,1909f56bfc062723c751e8b465ee728b)
Start importing Assets/Prefabs/Decorate/Chest.prefab using Guid(cf0e20903dd5155478de40122c6c1063) Importer(815301076,1909f56bfc062723c751e8b465ee728b)  -> (artifact id: '2fa007fd21dda746cf67d6f6a1199591') in 0.215062 seconds
Number of updated asset objects reloaded before import = 0
Number of asset objects unloaded after import = 9
========================================================================
Received Import Request.
  Time since last request: 0.000035 seconds.
  path: Assets/Prefabs/Decorate/Small Rock.prefab
  artifactKey: Guid(0d6b13723b29ec64ba22efb21c8840e6) Importer(815301076,1909f56bfc062723c751e8b465ee728b)
Start importing Assets/Prefabs/Decorate/Small Rock.prefab using Guid(0d6b13723b29ec64ba22efb21c8840e6) Importer(815301076,1909f56bfc062723c751e8b465ee728b)  -> (artifact id: 'b058a563339879121e622434976289b7') in 0.013912 seconds
Number of updated asset objects reloaded before import = 0
Number of asset objects unloaded after import = 9
========================================================================
Received Import Request.
  Time since last request: 0.000029 seconds.
  path: Assets/Prefabs/Decorate/Stump.prefab
  artifactKey: Guid(dd2fc4d2c67ca9f40833e038e38eaa34) Importer(815301076,1909f56bfc062723c751e8b465ee728b)
Start importing Assets/Prefabs/Decorate/Stump.prefab using Guid(dd2fc4d2c67ca9f40833e038e38eaa34) Importer(815301076,1909f56bfc062723c751e8b465ee728b)  -> (artifact id: '046cd70be0e7daeeb04f3c4f74aae457') in 0.041440 seconds
Number of updated asset objects reloaded before import = 0
Number of asset objects unloaded after import = 9
========================================================================
Received Import Request.
  Time since last request: 0.000020 seconds.
  path: Assets/Prefabs/Decorate/Tree.prefab
  artifactKey: Guid(c117d6b00e851c04180fa503aae8926c) Importer(815301076,1909f56bfc062723c751e8b465ee728b)
Start importing Assets/Prefabs/Decorate/Tree.prefab using Guid(c117d6b00e851c04180fa503aae8926c) Importer(815301076,1909f56bfc062723c751e8b465ee728b)  -> (artifact id: 'df77b0d09d5d0a78bebf955d3b141b0f') in 0.026398 seconds
Number of updated asset objects reloaded before import = 0
Number of asset objects unloaded after import = 11
========================================================================
Received Import Request.
  Time since last request: 13.769944 seconds.
  path: Assets/Prefabs/NPS/RogueMob.prefab
  artifactKey: Guid(85ba8d92ddee07c45b84752f3e549095) Importer(815301076,1909f56bfc062723c751e8b465ee728b)
Start importing Assets/Prefabs/NPS/RogueMob.prefab using Guid(85ba8d92ddee07c45b84752f3e549095) Importer(815301076,1909f56bfc062723c751e8b465ee728b)  -> (artifact id: '1795ec6bb3b59d4546dfc638af8c7526') in 0.130410 seconds
Number of updated asset objects reloaded before import = 0
Number of asset objects unloaded after import = 67
========================================================================
Received Import Request.
  Time since last request: 13.429592 seconds.
  path: Assets/Prefabs/Rooms
  artifactKey: Guid(78b2a00efa4096943be04a3347bbbe74) Importer(815301076,1909f56bfc062723c751e8b465ee728b)
Start importing Assets/Prefabs/Rooms using Guid(78b2a00efa4096943be04a3347bbbe74) Importer(815301076,1909f56bfc062723c751e8b465ee728b)  -> (artifact id: '5c594f33d5b0ab3695b5bfc11a4ef0e8') in 0.000631 seconds
Number of updated asset objects reloaded before import = 0
Number of asset objects unloaded after import = 0
========================================================================
Received Import Request.
  Time since last request: 6.926425 seconds.
  path: Assets/Prefabs/Rooms/Forest
  artifactKey: Guid(fb904a5682b06a343b6c824455cda073) Importer(815301076,1909f56bfc062723c751e8b465ee728b)
Start importing Assets/Prefabs/Rooms/Forest using Guid(fb904a5682b06a343b6c824455cda073) Importer(815301076,1909f56bfc062723c751e8b465ee728b)  -> (artifact id: '2a5578585a934d9f098676d1d4fddf99') in 0.000563 seconds
Number of updated asset objects reloaded before import = 0
Number of asset objects unloaded after import = 0
========================================================================
Received Import Request.
  Time since last request: 82.024801 seconds.
  path: Assets/Prefabs/Floar
  artifactKey: Guid(56754be907247a54fa70b84d3e007957) Importer(815301076,1909f56bfc062723c751e8b465ee728b)
Start importing Assets/Prefabs/Floar using Guid(56754be907247a54fa70b84d3e007957) Importer(815301076,1909f56bfc062723c751e8b465ee728b)  -> (artifact id: 'fc3aea3456f815cec7c536a5d552a6e5') in 0.000451 seconds
Number of updated asset objects reloaded before import = 0
Number of asset objects unloaded after import = 0
========================================================================
Received Import Request.
  Time since last request: 208.770835 seconds.
  path: ProjectSettings/TagManager.asset
  artifactKey: Guid(00000000000000003000000000000000) Importer(815301076,1909f56bfc062723c751e8b465ee728b)
Start importing ProjectSettings/TagManager.asset using Guid(00000000000000003000000000000000) Importer(815301076,1909f56bfc062723c751e8b465ee728b)  -> (artifact id: '1224781a947c2c335e9d58495ea0694f') in 0.000791 seconds
Number of updated asset objects reloaded before import = 0
Number of asset objects unloaded after import = 0
========================================================================
Received Import Request.
  Time since last request: 134.215372 seconds.
  path: Assets/Prefabs/Floar/Floar_30.prefab
  artifactKey: Guid(887a5d764ec1b2d4e9f45922e5ded143) Importer(815301076,1909f56bfc062723c751e8b465ee728b)
Start importing Assets/Prefabs/Floar/Floar_30.prefab using Guid(887a5d764ec1b2d4e9f45922e5ded143) Importer(815301076,1909f56bfc062723c751e8b465ee728b)  -> (artifact id: 'b74ce73bfe3b40f5cac96393bc5c1211') in 0.015130 seconds
Number of updated asset objects reloaded before import = 0
Number of asset objects unloaded after import = 8
========================================================================
Received Import Request.
  Time since last request: 0.002064 seconds.
  path: Assets/Prefabs/Floar/Floar_16.prefab
  artifactKey: Guid(94b793e528023f648a09d7e26e9e2d9b) Importer(815301076,1909f56bfc062723c751e8b465ee728b)
Start importing Assets/Prefabs/Floar/Floar_16.prefab using Guid(94b793e528023f648a09d7e26e9e2d9b) Importer(815301076,1909f56bfc062723c751e8b465ee728b)  -> (artifact id: '5e1ba71cc9a9f50758bef11165091545') in 0.018254 seconds
Number of updated asset objects reloaded before import = 0
Number of asset objects unloaded after import = 8
========================================================================
Received Import Request.
  Time since last request: 0.000022 seconds.
  path: Assets/Prefabs/Floar/Floar_28.prefab
  artifactKey: Guid(243b5884d0aec394188ec9a7d07516be) Importer(815301076,1909f56bfc062723c751e8b465ee728b)
Start importing Assets/Prefabs/Floar/Floar_28.prefab using Guid(243b5884d0aec394188ec9a7d07516be) Importer(815301076,1909f56bfc062723c751e8b465ee728b)  -> (artifact id: '1a01b1896ee98972bf31af12f28384e0') in 0.015418 seconds
Number of updated asset objects reloaded before import = 0
Number of asset objects unloaded after import = 9
========================================================================
Received Import Request.
  Time since last request: 0.000025 seconds.
  path: Assets/Prefabs/Floar/Floar_26.prefab
  artifactKey: Guid(45df5fbb3b410814e8ab138920e034d5) Importer(815301076,1909f56bfc062723c751e8b465ee728b)
Start importing Assets/Prefabs/Floar/Floar_26.prefab using Guid(45df5fbb3b410814e8ab138920e034d5) Importer(815301076,1909f56bfc062723c751e8b465ee728b)  -> (artifact id: '0add894e46a5c5efcf699f474f3dc252') in 0.014076 seconds
Number of updated asset objects reloaded before import = 0
Number of asset objects unloaded after import = 8
========================================================================
Received Import Request.
  Time since last request: 0.000025 seconds.
  path: Assets/Prefabs/Floar/Floar_21.prefab
  artifactKey: Guid(07e74b1e4aa112d4aaabcc1645b225a3) Importer(815301076,1909f56bfc062723c751e8b465ee728b)
Start importing Assets/Prefabs/Floar/Floar_21.prefab using Guid(07e74b1e4aa112d4aaabcc1645b225a3) Importer(815301076,1909f56bfc062723c751e8b465ee728b)  -> (artifact id: '5e40b94e9da1bc5ab79bb9ed0e50f70a') in 0.014412 seconds
Number of updated asset objects reloaded before import = 0
Number of asset objects unloaded after import = 8
========================================================================
Received Import Request.
  Time since last request: 0.000018 seconds.
  path: Assets/Prefabs/Floar/Floar_32.prefab
  artifactKey: Guid(bac28c17a2b580a4bbe9d69c784047db) Importer(815301076,1909f56bfc062723c751e8b465ee728b)
Start importing Assets/Prefabs/Floar/Floar_32.prefab using Guid(bac28c17a2b580a4bbe9d69c784047db) Importer(815301076,1909f56bfc062723c751e8b465ee728b)  -> (artifact id: '2302f141356c4d0ce08c7bf94c9574cb') in 0.013148 seconds
Number of updated asset objects reloaded before import = 0
Number of asset objects unloaded after import = 8
========================================================================
Received Import Request.
  Time since last request: 0.000023 seconds.
  path: Assets/Prefabs/Floar/Floar_19.prefab
  artifactKey: Guid(8ea40c28c3a2e4e4483571acae32382b) Importer(815301076,1909f56bfc062723c751e8b465ee728b)
Start importing Assets/Prefabs/Floar/Floar_19.prefab using Guid(8ea40c28c3a2e4e4483571acae32382b) Importer(815301076,1909f56bfc062723c751e8b465ee728b)  -> (artifact id: '794a1b9ba866e83e867b7600124722b3') in 0.015814 seconds
Number of updated asset objects reloaded before import = 0
Number of asset objects unloaded after import = 8
========================================================================
Received Import Request.
  Time since last request: 0.000021 seconds.
  path: Assets/Prefabs/Floar/Floar_27.prefab
  artifactKey: Guid(56774601cd4030a4cba0ba76ce84926a) Importer(815301076,1909f56bfc062723c751e8b465ee728b)
Start importing Assets/Prefabs/Floar/Floar_27.prefab using Guid(56774601cd4030a4cba0ba76ce84926a) Importer(815301076,1909f56bfc062723c751e8b465ee728b)  -> (artifact id: '80471a7a40f405274e08c45ca99d3095') in 0.014885 seconds
Number of updated asset objects reloaded before import = 0
Number of asset objects unloaded after import = 8
========================================================================
Received Import Request.
  Time since last request: 0.000017 seconds.
  path: Assets/Prefabs/Floar/Floar_31.prefab
  artifactKey: Guid(47d44e60ba6135e4f842533f579cdfef) Importer(815301076,1909f56bfc062723c751e8b465ee728b)
Start importing Assets/Prefabs/Floar/Floar_31.prefab using Guid(47d44e60ba6135e4f842533f579cdfef) Importer(815301076,1909f56bfc062723c751e8b465ee728b)  -> (artifact id: 'b81d81f9dae71cc8a34a8b1809e9a619') in 0.013526 seconds
Number of updated asset objects reloaded before import = 0
Number of asset objects unloaded after import = 8
========================================================================
Received Import Request.
  Time since last request: 0.000016 seconds.
  path: Assets/Prefabs/Floar/Floar_20.prefab
  artifactKey: Guid(60a31851e138c2e459681daec546f1be) Importer(815301076,1909f56bfc062723c751e8b465ee728b)
Start importing Assets/Prefabs/Floar/Floar_20.prefab using Guid(60a31851e138c2e459681daec546f1be) Importer(815301076,1909f56bfc062723c751e8b465ee728b)  -> (artifact id: 'b933e9d073f9d1edec0509bc737684f8') in 0.015284 seconds
Number of updated asset objects reloaded before import = 0
Number of asset objects unloaded after import = 8
========================================================================
Received Import Request.
  Time since last request: 0.000027 seconds.
  path: Assets/Prefabs/Floar/Floar_22.prefab
  artifactKey: Guid(1888b9b27675a564ca70e596849ce096) Importer(815301076,1909f56bfc062723c751e8b465ee728b)
Start importing Assets/Prefabs/Floar/Floar_22.prefab using Guid(1888b9b27675a564ca70e596849ce096) Importer(815301076,1909f56bfc062723c751e8b465ee728b)  -> (artifact id: '9c77aea828063a514c7fa2a5ff7f162d') in 0.013146 seconds
Number of updated asset objects reloaded before import = 0
Number of asset objects unloaded after import = 8
========================================================================
Received Import Request.
  Time since last request: 0.000031 seconds.
  path: Assets/Prefabs/Floar/Floar_34.prefab
  artifactKey: Guid(9bd131d4eb928044d8a29b167269044f) Importer(815301076,1909f56bfc062723c751e8b465ee728b)
Start importing Assets/Prefabs/Floar/Floar_34.prefab using Guid(9bd131d4eb928044d8a29b167269044f) Importer(815301076,1909f56bfc062723c751e8b465ee728b)  -> (artifact id: 'afe93668363f44303e5b7c85ca88f97e') in 0.013274 seconds
Number of updated asset objects reloaded before import = 0
Number of asset objects unloaded after import = 8
========================================================================
Received Import Request.
  Time since last request: 0.000028 seconds.
  path: Assets/Prefabs/Floar/Floar_35.prefab
  artifactKey: Guid(4aa40b224ee9c224ba792e25ac971235) Importer(815301076,1909f56bfc062723c751e8b465ee728b)
Start importing Assets/Prefabs/Floar/Floar_35.prefab using Guid(4aa40b224ee9c224ba792e25ac971235) Importer(815301076,1909f56bfc062723c751e8b465ee728b)  -> (artifact id: '989d877f62258c9953ef1fd69eddc783') in 0.013033 seconds
Number of updated asset objects reloaded before import = 0
Number of asset objects unloaded after import = 8
========================================================================
Received Import Request.
  Time since last request: 0.000026 seconds.
  path: Assets/Prefabs/Floar/Floar_23.prefab
  artifactKey: Guid(1cbd451c35e676a478e48c51f957c3d2) Importer(815301076,1909f56bfc062723c751e8b465ee728b)
Start importing Assets/Prefabs/Floar/Floar_23.prefab using Guid(1cbd451c35e676a478e48c51f957c3d2) Importer(815301076,1909f56bfc062723c751e8b465ee728b)  -> (artifact id: '49305af9fca2f7fd5805a4ddb8550bc3') in 0.013865 seconds
Number of updated asset objects reloaded before import = 0
Number of asset objects unloaded after import = 8
========================================================================
Received Import Request.
  Time since last request: 0.000024 seconds.
  path: Assets/Prefabs/Floar/Floar_24.prefab
  artifactKey: Guid(c04f81d9784fa05458f573a49b3d595e) Importer(815301076,1909f56bfc062723c751e8b465ee728b)
Start importing Assets/Prefabs/Floar/Floar_24.prefab using Guid(c04f81d9784fa05458f573a49b3d595e) Importer(815301076,1909f56bfc062723c751e8b465ee728b)  -> (artifact id: '812938761da64f94b87a4e69317b6010') in 0.014873 seconds
Number of updated asset objects reloaded before import = 0
Number of asset objects unloaded after import = 8
========================================================================
Received Import Request.
  Time since last request: 0.000018 seconds.
  path: Assets/Prefabs/Floar/Floar_33.prefab
  artifactKey: Guid(b71cb688f5fa41446bc17bd6bcfbd4cb) Importer(815301076,1909f56bfc062723c751e8b465ee728b)
Start importing Assets/Prefabs/Floar/Floar_33.prefab using Guid(b71cb688f5fa41446bc17bd6bcfbd4cb) Importer(815301076,1909f56bfc062723c751e8b465ee728b)  -> (artifact id: '9b6d337c419baae89f6e311ad32c27ff') in 0.012027 seconds
Number of updated asset objects reloaded before import = 0
Number of asset objects unloaded after import = 8
========================================================================
Received Import Request.
  Time since last request: 17.893020 seconds.
  path: Assets/Prefabs/Floar/Floar_8.prefab
  artifactKey: Guid(e20f7e98890cea3419fc45f887cc611b) Importer(815301076,1909f56bfc062723c751e8b465ee728b)
Start importing Assets/Prefabs/Floar/Floar_8.prefab using Guid(e20f7e98890cea3419fc45f887cc611b) Importer(815301076,1909f56bfc062723c751e8b465ee728b)  -> (artifact id: '35871634aabc57e7a5956770a86bddd9') in 0.017060 seconds
Number of updated asset objects reloaded before import = 0
Number of asset objects unloaded after import = 8
========================================================================
Received Import Request.
  Time since last request: 0.000025 seconds.
  path: Assets/Prefabs/Floar/Floar_15.prefab
  artifactKey: Guid(9e65aa0de9532c44d92d4ee1a6263d13) Importer(815301076,1909f56bfc062723c751e8b465ee728b)
Start importing Assets/Prefabs/Floar/Floar_15.prefab using Guid(9e65aa0de9532c44d92d4ee1a6263d13) Importer(815301076,1909f56bfc062723c751e8b465ee728b)  -> (artifact id: '6a361e312ca884963c63947f2732c0df') in 0.050125 seconds
Number of updated asset objects reloaded before import = 0
Number of asset objects unloaded after import = 8
========================================================================
Received Import Request.
  Time since last request: 0.000024 seconds.
  path: Assets/Prefabs/Floar/Floar_5.prefab
  artifactKey: Guid(62687e819d317e1428b64e84d6d566bc) Importer(815301076,1909f56bfc062723c751e8b465ee728b)
Start importing Assets/Prefabs/Floar/Floar_5.prefab using Guid(62687e819d317e1428b64e84d6d566bc) Importer(815301076,1909f56bfc062723c751e8b465ee728b)  -> (artifact id: '76701813560e8c4d77533a04958ab843') in 0.012844 seconds
Number of updated asset objects reloaded before import = 0
Number of asset objects unloaded after import = 8
========================================================================
Received Import Request.
  Time since last request: 0.000026 seconds.
  path: Assets/Prefabs/Floar/Floar_12.prefab
  artifactKey: Guid(784956eb76e836248be9f84c449f1857) Importer(815301076,1909f56bfc062723c751e8b465ee728b)
Start importing Assets/Prefabs/Floar/Floar_12.prefab using Guid(784956eb76e836248be9f84c449f1857) Importer(815301076,1909f56bfc062723c751e8b465ee728b)  -> (artifact id: '11fb89e4e89b2649aa9437d379af2b69') in 0.016107 seconds
Number of updated asset objects reloaded before import = 0
Number of asset objects unloaded after import = 8
========================================================================
Received Import Request.
  Time since last request: 0.000019 seconds.
  path: Assets/Prefabs/Floar/Floar_13.prefab
  artifactKey: Guid(aa903430cee24d14fa1ef027afe25b0d) Importer(815301076,1909f56bfc062723c751e8b465ee728b)
Start importing Assets/Prefabs/Floar/Floar_13.prefab using Guid(aa903430cee24d14fa1ef027afe25b0d) Importer(815301076,1909f56bfc062723c751e8b465ee728b)  -> (artifact id: 'b442c5d520357deb0b49c4b25044cd58') in 0.014149 seconds
Number of updated asset objects reloaded before import = 0
Number of asset objects unloaded after import = 8
========================================================================
Received Import Request.
  Time since last request: 0.000033 seconds.
  path: Assets/Prefabs/Floar/Floar_4.prefab
  artifactKey: Guid(22475c9d325ab964abdd0731d9b10596) Importer(815301076,1909f56bfc062723c751e8b465ee728b)
Start importing Assets/Prefabs/Floar/Floar_4.prefab using Guid(22475c9d325ab964abdd0731d9b10596) Importer(815301076,1909f56bfc062723c751e8b465ee728b)  -> (artifact id: '6e9c27819b208503d8d106ce74dfad88') in 0.018855 seconds
Number of updated asset objects reloaded before import = 0
Number of asset objects unloaded after import = 8
========================================================================
Received Import Request.
  Time since last request: 0.000022 seconds.
  path: Assets/Prefabs/Floar/Floar_7.prefab
  artifactKey: Guid(8b8846acb9c71e747a2606029d03d91d) Importer(815301076,1909f56bfc062723c751e8b465ee728b)
Start importing Assets/Prefabs/Floar/Floar_7.prefab using Guid(8b8846acb9c71e747a2606029d03d91d) Importer(815301076,1909f56bfc062723c751e8b465ee728b)  -> (artifact id: '9c6354076944c8b13a1524a977a519fe') in 0.018774 seconds
Number of updated asset objects reloaded before import = 0
Number of asset objects unloaded after import = 9
Editor requested this worker to shutdown with reason: Scaling down because of idle timeout
TcpMessagingSession - receive error: operation aborted. errorcode: 995, details: ќпераци€ ввода/вывода была прервана из-за завершени€ потока команд или по запросу приложени€.
AssetImportWorker is now disconnected from the server
Process exiting
Exiting without the bug reporter. Application will terminate with return code 0